<?xml version="1.0" encoding="UTF-8"?>
<!-- Generated by org.testng.reporters.JUnitXMLReporter -->
<testsuite hostname="Darshan" ignored="1" name="Test" tests="3" failures="3" timestamp="20 May 2020 02:08:01 GMT" time="114.908" errors="0">
  <testcase name="Login" time="0.261" classname="com.testcases.LoginApplicationTC1">
    <failure type="java.lang.NullPointerException">
      <![CDATA[java.lang.NullPointerException
	at org.openqa.selenium.support.pagefactory.DefaultElementLocator.findElement(DefaultElementLocator.java:69)
	at org.openqa.selenium.support.pagefactory.internal.LocatingElementHandler.invoke(LocatingElementHandler.java:38)
	at com.sun.proxy.$Proxy8.click(Unknown Source)
	at com.testcases.LoginApplicationTC1.Login(LoginApplicationTC1.java:52)
	at java.util.concurrent.ThreadPoolExecutor.runWorker(ThreadPoolExecutor.java:1149)
	at java.util.concurrent.ThreadPoolExecutor$Worker.run(ThreadPoolExecutor.java:624)
	at java.lang.Thread.run(Thread.java:748)
... Removed 10 stack frames]]>
    </failure>
  </testcase> <!-- Login -->
  <testcase name="shopping" time="0.008" classname="com.testcases.ShopingTC2">
    <failure type="java.lang.NullPointerException">
      <![CDATA[java.lang.NullPointerException
	at org.openqa.selenium.support.pagefactory.DefaultElementLocator.findElement(DefaultElementLocator.java:69)
	at org.openqa.selenium.support.pagefactory.internal.LocatingElementHandler.invoke(LocatingElementHandler.java:38)
	at com.sun.proxy.$Proxy8.click(Unknown Source)
	at com.testcases.ShopingTC2.shopping(ShopingTC2.java:51)
	at java.util.concurrent.ThreadPoolExecutor.runWorker(ThreadPoolExecutor.java:1149)
	at java.util.concurrent.ThreadPoolExecutor$Worker.run(ThreadPoolExecutor.java:624)
	at java.lang.Thread.run(Thread.java:748)
... Removed 10 stack frames]]>
    </failure>
  </testcase> <!-- shopping -->
  <testcase name="Login" time="77.195" classname="com.testcases.LoginApplicationTC1">
    <failure type="java.lang.AssertionError" message="The following asserts failed:
	expected [Create an account] but found [CREATE AN ACCOUNT],
	We skip the email ! it is already Present expected [false] but found [true],
	expected [Your address] but found [YOUR ADDRESS]">
      <![CDATA[java.lang.AssertionError: The following asserts failed:
	expected [Create an account] but found [CREATE AN ACCOUNT],
	We skip the email ! it is already Present expected [false] but found [true],
	expected [Your address] but found [YOUR ADDRESS]
	at com.testcases.LoginApplicationTC1.Login(LoginApplicationTC1.java:155)
	at java.util.concurrent.ThreadPoolExecutor.runWorker(ThreadPoolExecutor.java:1149)
	at java.util.concurrent.ThreadPoolExecutor$Worker.run(ThreadPoolExecutor.java:624)
	at java.lang.Thread.run(Thread.java:748)
... Removed 11 stack frames]]>
    </failure>
  </testcase> <!-- Login -->
  <testcase name="@BeforeTest init" time="0.0" classname="com.testcases.ShopingTC2">
    <ignored/>
  </testcase> <!-- @BeforeTest init -->
</testsuite> <!-- Test -->
