<?xml version="1.0" encoding="UTF-8"?>
<!-- Generated by org.testng.reporters.JUnitXMLReporter -->
<testsuite hostname="Darshan" ignored="1" name="Test(failed)" tests="3" failures="3" timestamp="20 May 2020 02:02:29 GMT" time="95.899" errors="0">
  <testcase name="Login" time="73.152" classname="com.testcases.LoginApplicationTC1">
    <failure type="java.lang.AssertionError" message="The following asserts failed:
	expected [Create an account] but found [CREATE AN ACCOUNT],
	We skip the email ! it is already Present expected [false] but found [true],
	expected [Your address] but found [YOUR ADDRESS]">
      <![CDATA[java.lang.AssertionError: The following asserts failed:
	expected [Create an account] but found [CREATE AN ACCOUNT],
	We skip the email ! it is already Present expected [false] but found [true],
	expected [Your address] but found [YOUR ADDRESS]
	at com.testcases.LoginApplicationTC1.Login(LoginApplicationTC1.java:155)
... Removed 26 stack frames]]>
    </failure>
  </testcase> <!-- Login -->
  <testcase name="shopping" time="0.018" classname="com.testcases.ShopingTC2">
    <failure type="java.lang.NullPointerException">
      <![CDATA[java.lang.NullPointerException
	at org.openqa.selenium.support.pagefactory.DefaultElementLocator.findElement(DefaultElementLocator.java:69)
	at org.openqa.selenium.support.pagefactory.internal.LocatingElementHandler.invoke(LocatingElementHandler.java:38)
	at com.sun.proxy.$Proxy8.click(Unknown Source)
	at com.testcases.ShopingTC2.shopping(ShopingTC2.java:51)
... Removed 25 stack frames]]>
    </failure>
  </testcase> <!-- shopping -->
  <testcase name="Login" time="0.014" classname="com.testcases.LoginApplicationTC1">
    <failure type="java.lang.NullPointerException">
      <![CDATA[java.lang.NullPointerException
	at org.openqa.selenium.support.pagefactory.DefaultElementLocator.findElement(DefaultElementLocator.java:69)
	at org.openqa.selenium.support.pagefactory.internal.LocatingElementHandler.invoke(LocatingElementHandler.java:38)
	at com.sun.proxy.$Proxy8.click(Unknown Source)
	at com.testcases.LoginApplicationTC1.Login(LoginApplicationTC1.java:52)
... Removed 25 stack frames]]>
    </failure>
  </testcase> <!-- Login -->
  <testcase name="@BeforeTest init" time="0.0" classname="com.testcases.ShopingTC2">
    <ignored/>
  </testcase> <!-- @BeforeTest init -->
</testsuite> <!-- Test(failed) -->
